-------------------------------------------------------------------------------
Test set: TestSuite
-------------------------------------------------------------------------------
Tests run: 8, Failures: 8, Errors: 0, Skipped: 0, Time elapsed: 29.654 s <<< FAILURE! - in TestSuite
ParentClass.w3cValidationCheck  Time elapsed: 26.474 s  <<< FAILURE!
org.testng.TestNGException: 

Data Provider public java.lang.Object[][] ParentClass.userData() returned a null value

ParentClass.jsValidationCheck  Time elapsed: 26.575 s  <<< FAILURE!
org.testng.TestNGException: 

Data Provider public java.lang.Object[][] ParentClass.userData() returned a null value

ParentClass.brokenLinkCheck  Time elapsed: 26.638 s  <<< FAILURE!
org.testng.TestNGException: 

Data Provider public java.lang.Object[][] ParentClass.userData() returned a null value

ParentClass.brokenImagesCheck  Time elapsed: 26.679 s  <<< FAILURE!
org.testng.TestNGException: 

Data Provider public java.lang.Object[][] ParentClass.userData() returned a null value

ParentClass.responseDimensionCheckBrokenLinks  Time elapsed: 26.74 s  <<< FAILURE!
org.testng.TestNGException: 

Data Provider public java.lang.Object[][] ParentClass.userData() returned a null value

ParentClass.responseDimensionCheckBrokenImages  Time elapsed: 26.773 s  <<< FAILURE!
org.testng.TestNGException: 

Data Provider public java.lang.Object[][] ParentClass.userData() returned a null value

ParentClass.consoleLogsCheck  Time elapsed: 26.914 s  <<< FAILURE!
org.testng.TestNGException: 

Data Provider public java.lang.Object[][] ParentClass.userData() returned a null value

ParentClass.responsiveDimensionConsoleLogs  Time elapsed: 26.952 s  <<< FAILURE!
org.testng.TestNGException: 

Data Provider public java.lang.Object[][] ParentClass.userData() returned a null value

